语法

    0 $accept: CompUnit $end

    1 CompUnit: FuncDef

    2 Decl: ConstDecl

    3 ConstDecl: CONST BType ConstDefList ';'

    4 ConstDefList: ConstDef
    5             | ConstDef ',' ConstDefList

    6 BType: INT

    7 ConstDef: IDENT '=' ConstInitVal

    8 ConstInitVal: ConstExp

    9 FuncDef: FuncType IDENT '(' ')' Block

   10 FuncType: INT

   11 Block: '{' BlockItemList '}'

   12 BlockItemList: BlockItem
   13              | BlockItem BlockItemList

   14 BlockItem: Decl
   15          | Stmt

   16 Stmt: RETURN Exp ';'

   17 Exp: LOrExp

   18 LVal: IDENT

   19 PrimaryExp: '(' Exp ')'
   20           | LVal
   21           | Number

   22 Number: INT_CONST

   23 UnaryExp: PrimaryExp
   24         | UnaryOp UnaryExp

   25 UnaryOp: '+'
   26        | '-'
   27        | '!'

   28 MulExp: UnaryExp
   29       | MulExp '*' UnaryExp
   30       | MulExp '/' UnaryExp
   31       | MulExp '%' UnaryExp

   32 AddExp: MulExp
   33       | AddExp '+' MulExp
   34       | AddExp '-' MulExp

   35 RelExp: AddExp
   36       | RelExp '<' AddExp
   37       | RelExp '>' AddExp
   38       | RelExp LE AddExp
   39       | RelExp GE AddExp

   40 EqExp: RelExp
   41      | EqExp EQ RelExp
   42      | EqExp NE RelExp

   43 LAndExp: EqExp
   44        | LAndExp AND EqExp

   45 LOrExp: LAndExp
   46       | LOrExp OR LAndExp

   47 ConstExp: Exp


终结语词，附有它们出现处的规则

    $end (0) 0
    '!' (33) 27
    '%' (37) 31
    '(' (40) 9 19
    ')' (41) 9 19
    '*' (42) 29
    '+' (43) 25 33
    ',' (44) 5
    '-' (45) 26 34
    '/' (47) 30
    ';' (59) 3 16
    '<' (60) 36
    '=' (61) 7
    '>' (62) 37
    '{' (123) 11
    '}' (125) 11
    error (256)
    INT (258) 6 10
    RETURN (259) 16
    AND (260) 44
    OR (261) 46
    EQ (262) 41
    NE (263) 42
    LE (264) 38
    GE (265) 39
    CONST (266) 3
    IDENT <str_val> (267) 7 9 18
    INT_CONST <int_val> (268) 22


非终结语词，附有它们出现处的规则

    $accept (29)
        on left: 0
    CompUnit (30)
        on left: 1
        on right: 0
    Decl <ast_val> (31)
        on left: 2
        on right: 14
    ConstDecl <ast_val> (32)
        on left: 3
        on right: 2
    ConstDefList <ast_list_val> (33)
        on left: 4 5
        on right: 3 5
    BType <ast_val> (34)
        on left: 6
        on right: 3
    ConstDef <ast_val> (35)
        on left: 7
        on right: 4 5
    ConstInitVal <ast_val> (36)
        on left: 8
        on right: 7
    FuncDef <ast_val> (37)
        on left: 9
        on right: 1
    FuncType <ast_val> (38)
        on left: 10
        on right: 9
    Block <ast_val> (39)
        on left: 11
        on right: 9
    BlockItemList <ast_list_val> (40)
        on left: 12 13
        on right: 11 13
    BlockItem <ast_val> (41)
        on left: 14 15
        on right: 12 13
    Stmt <ast_val> (42)
        on left: 16
        on right: 15
    Exp <ast_val> (43)
        on left: 17
        on right: 16 19 47
    LVal <ast_val> (44)
        on left: 18
        on right: 20
    PrimaryExp <ast_val> (45)
        on left: 19 20 21
        on right: 23
    Number <int_val> (46)
        on left: 22
        on right: 21
    UnaryExp <ast_val> (47)
        on left: 23 24
        on right: 24 28 29 30 31
    UnaryOp <str_val> (48)
        on left: 25 26 27
        on right: 24
    MulExp <ast_val> (49)
        on left: 28 29 30 31
        on right: 29 30 31 32 33 34
    AddExp <ast_val> (50)
        on left: 32 33 34
        on right: 33 34 35 36 37 38 39
    RelExp <ast_val> (51)
        on left: 35 36 37 38 39
        on right: 36 37 38 39 40 41 42
    EqExp <ast_val> (52)
        on left: 40 41 42
        on right: 41 42 43 44
    LAndExp <ast_val> (53)
        on left: 43 44
        on right: 44 45 46
    LOrExp <ast_val> (54)
        on left: 45 46
        on right: 17 46
    ConstExp <ast_val> (55)
        on left: 47
        on right: 8


状态 0

    0 $accept: • CompUnit $end

    INT  偏移，并进入状态 1

    CompUnit  转到状态 2
    FuncDef   转到状态 3
    FuncType  转到状态 4


状态 1

   10 FuncType: INT •

    $default  使用规则 10 以归约 (FuncType)


状态 2

    0 $accept: CompUnit • $end

    $end  偏移，并进入状态 5


状态 3

    1 CompUnit: FuncDef •

    $default  使用规则 1 以归约 (CompUnit)


状态 4

    9 FuncDef: FuncType • IDENT '(' ')' Block

    IDENT  偏移，并进入状态 6


状态 5

    0 $accept: CompUnit $end •

    $default  接受


状态 6

    9 FuncDef: FuncType IDENT • '(' ')' Block

    '('  偏移，并进入状态 7


状态 7

    9 FuncDef: FuncType IDENT '(' • ')' Block

    ')'  偏移，并进入状态 8


状态 8

    9 FuncDef: FuncType IDENT '(' ')' • Block

    '{'  偏移，并进入状态 9

    Block  转到状态 10


状态 9

   11 Block: '{' • BlockItemList '}'

    RETURN  偏移，并进入状态 11
    CONST   偏移，并进入状态 12

    Decl           转到状态 13
    ConstDecl      转到状态 14
    BlockItemList  转到状态 15
    BlockItem      转到状态 16
    Stmt           转到状态 17


状态 10

    9 FuncDef: FuncType IDENT '(' ')' Block •

    $default  使用规则 9 以归约 (FuncDef)


状态 11

   16 Stmt: RETURN • Exp ';'

    IDENT      偏移，并进入状态 18
    INT_CONST  偏移，并进入状态 19
    '('        偏移，并进入状态 20
    '+'        偏移，并进入状态 21
    '-'        偏移，并进入状态 22
    '!'        偏移，并进入状态 23

    Exp         转到状态 24
    LVal        转到状态 25
    PrimaryExp  转到状态 26
    Number      转到状态 27
    UnaryExp    转到状态 28
    UnaryOp     转到状态 29
    MulExp      转到状态 30
    AddExp      转到状态 31
    RelExp      转到状态 32
    EqExp       转到状态 33
    LAndExp     转到状态 34
    LOrExp      转到状态 35


状态 12

    3 ConstDecl: CONST • BType ConstDefList ';'

    INT  偏移，并进入状态 36

    BType  转到状态 37


状态 13

   14 BlockItem: Decl •

    $default  使用规则 14 以归约 (BlockItem)


状态 14

    2 Decl: ConstDecl •

    $default  使用规则 2 以归约 (Decl)


状态 15

   11 Block: '{' BlockItemList • '}'

    '}'  偏移，并进入状态 38


状态 16

   12 BlockItemList: BlockItem •
   13              | BlockItem • BlockItemList

    RETURN  偏移，并进入状态 11
    CONST   偏移，并进入状态 12

    $default  使用规则 12 以归约 (BlockItemList)

    Decl           转到状态 13
    ConstDecl      转到状态 14
    BlockItemList  转到状态 39
    BlockItem      转到状态 16
    Stmt           转到状态 17


状态 17

   15 BlockItem: Stmt •

    $default  使用规则 15 以归约 (BlockItem)


状态 18

   18 LVal: IDENT •

    $default  使用规则 18 以归约 (LVal)


状态 19

   22 Number: INT_CONST •

    $default  使用规则 22 以归约 (Number)


状态 20

   19 PrimaryExp: '(' • Exp ')'

    IDENT      偏移，并进入状态 18
    INT_CONST  偏移，并进入状态 19
    '('        偏移，并进入状态 20
    '+'        偏移，并进入状态 21
    '-'        偏移，并进入状态 22
    '!'        偏移，并进入状态 23

    Exp         转到状态 40
    LVal        转到状态 25
    PrimaryExp  转到状态 26
    Number      转到状态 27
    UnaryExp    转到状态 28
    UnaryOp     转到状态 29
    MulExp      转到状态 30
    AddExp      转到状态 31
    RelExp      转到状态 32
    EqExp       转到状态 33
    LAndExp     转到状态 34
    LOrExp      转到状态 35


状态 21

   25 UnaryOp: '+' •

    $default  使用规则 25 以归约 (UnaryOp)


状态 22

   26 UnaryOp: '-' •

    $default  使用规则 26 以归约 (UnaryOp)


状态 23

   27 UnaryOp: '!' •

    $default  使用规则 27 以归约 (UnaryOp)


状态 24

   16 Stmt: RETURN Exp • ';'

    ';'  偏移，并进入状态 41


状态 25

   20 PrimaryExp: LVal •

    $default  使用规则 20 以归约 (PrimaryExp)


状态 26

   23 UnaryExp: PrimaryExp •

    $default  使用规则 23 以归约 (UnaryExp)


状态 27

   21 PrimaryExp: Number •

    $default  使用规则 21 以归约 (PrimaryExp)


状态 28

   28 MulExp: UnaryExp •

    $default  使用规则 28 以归约 (MulExp)


状态 29

   24 UnaryExp: UnaryOp • UnaryExp

    IDENT      偏移，并进入状态 18
    INT_CONST  偏移，并进入状态 19
    '('        偏移，并进入状态 20
    '+'        偏移，并进入状态 21
    '-'        偏移，并进入状态 22
    '!'        偏移，并进入状态 23

    LVal        转到状态 25
    PrimaryExp  转到状态 26
    Number      转到状态 27
    UnaryExp    转到状态 42
    UnaryOp     转到状态 29


状态 30

   29 MulExp: MulExp • '*' UnaryExp
   30       | MulExp • '/' UnaryExp
   31       | MulExp • '%' UnaryExp
   32 AddExp: MulExp •

    '*'  偏移，并进入状态 43
    '/'  偏移，并进入状态 44
    '%'  偏移，并进入状态 45

    $default  使用规则 32 以归约 (AddExp)


状态 31

   33 AddExp: AddExp • '+' MulExp
   34       | AddExp • '-' MulExp
   35 RelExp: AddExp •

    '+'  偏移，并进入状态 46
    '-'  偏移，并进入状态 47

    $default  使用规则 35 以归约 (RelExp)


状态 32

   36 RelExp: RelExp • '<' AddExp
   37       | RelExp • '>' AddExp
   38       | RelExp • LE AddExp
   39       | RelExp • GE AddExp
   40 EqExp: RelExp •

    LE   偏移，并进入状态 48
    GE   偏移，并进入状态 49
    '<'  偏移，并进入状态 50
    '>'  偏移，并进入状态 51

    $default  使用规则 40 以归约 (EqExp)


状态 33

   41 EqExp: EqExp • EQ RelExp
   42      | EqExp • NE RelExp
   43 LAndExp: EqExp •

    EQ  偏移，并进入状态 52
    NE  偏移，并进入状态 53

    $default  使用规则 43 以归约 (LAndExp)


状态 34

   44 LAndExp: LAndExp • AND EqExp
   45 LOrExp: LAndExp •

    AND  偏移，并进入状态 54

    $default  使用规则 45 以归约 (LOrExp)


状态 35

   17 Exp: LOrExp •
   46 LOrExp: LOrExp • OR LAndExp

    OR  偏移，并进入状态 55

    $default  使用规则 17 以归约 (Exp)


状态 36

    6 BType: INT •

    $default  使用规则 6 以归约 (BType)


状态 37

    3 ConstDecl: CONST BType • ConstDefList ';'

    IDENT  偏移，并进入状态 56

    ConstDefList  转到状态 57
    ConstDef      转到状态 58


状态 38

   11 Block: '{' BlockItemList '}' •

    $default  使用规则 11 以归约 (Block)


状态 39

   13 BlockItemList: BlockItem BlockItemList •

    $default  使用规则 13 以归约 (BlockItemList)


状态 40

   19 PrimaryExp: '(' Exp • ')'

    ')'  偏移，并进入状态 59


状态 41

   16 Stmt: RETURN Exp ';' •

    $default  使用规则 16 以归约 (Stmt)


状态 42

   24 UnaryExp: UnaryOp UnaryExp •

    $default  使用规则 24 以归约 (UnaryExp)


状态 43

   29 MulExp: MulExp '*' • UnaryExp

    IDENT      偏移，并进入状态 18
    INT_CONST  偏移，并进入状态 19
    '('        偏移，并进入状态 20
    '+'        偏移，并进入状态 21
    '-'        偏移，并进入状态 22
    '!'        偏移，并进入状态 23

    LVal        转到状态 25
    PrimaryExp  转到状态 26
    Number      转到状态 27
    UnaryExp    转到状态 60
    UnaryOp     转到状态 29


状态 44

   30 MulExp: MulExp '/' • UnaryExp

    IDENT      偏移，并进入状态 18
    INT_CONST  偏移，并进入状态 19
    '('        偏移，并进入状态 20
    '+'        偏移，并进入状态 21
    '-'        偏移，并进入状态 22
    '!'        偏移，并进入状态 23

    LVal        转到状态 25
    PrimaryExp  转到状态 26
    Number      转到状态 27
    UnaryExp    转到状态 61
    UnaryOp     转到状态 29


状态 45

   31 MulExp: MulExp '%' • UnaryExp

    IDENT      偏移，并进入状态 18
    INT_CONST  偏移，并进入状态 19
    '('        偏移，并进入状态 20
    '+'        偏移，并进入状态 21
    '-'        偏移，并进入状态 22
    '!'        偏移，并进入状态 23

    LVal        转到状态 25
    PrimaryExp  转到状态 26
    Number      转到状态 27
    UnaryExp    转到状态 62
    UnaryOp     转到状态 29


状态 46

   33 AddExp: AddExp '+' • MulExp

    IDENT      偏移，并进入状态 18
    INT_CONST  偏移，并进入状态 19
    '('        偏移，并进入状态 20
    '+'        偏移，并进入状态 21
    '-'        偏移，并进入状态 22
    '!'        偏移，并进入状态 23

    LVal        转到状态 25
    PrimaryExp  转到状态 26
    Number      转到状态 27
    UnaryExp    转到状态 28
    UnaryOp     转到状态 29
    MulExp      转到状态 63


状态 47

   34 AddExp: AddExp '-' • MulExp

    IDENT      偏移，并进入状态 18
    INT_CONST  偏移，并进入状态 19
    '('        偏移，并进入状态 20
    '+'        偏移，并进入状态 21
    '-'        偏移，并进入状态 22
    '!'        偏移，并进入状态 23

    LVal        转到状态 25
    PrimaryExp  转到状态 26
    Number      转到状态 27
    UnaryExp    转到状态 28
    UnaryOp     转到状态 29
    MulExp      转到状态 64


状态 48

   38 RelExp: RelExp LE • AddExp

    IDENT      偏移，并进入状态 18
    INT_CONST  偏移，并进入状态 19
    '('        偏移，并进入状态 20
    '+'        偏移，并进入状态 21
    '-'        偏移，并进入状态 22
    '!'        偏移，并进入状态 23

    LVal        转到状态 25
    PrimaryExp  转到状态 26
    Number      转到状态 27
    UnaryExp    转到状态 28
    UnaryOp     转到状态 29
    MulExp      转到状态 30
    AddExp      转到状态 65


状态 49

   39 RelExp: RelExp GE • AddExp

    IDENT      偏移，并进入状态 18
    INT_CONST  偏移，并进入状态 19
    '('        偏移，并进入状态 20
    '+'        偏移，并进入状态 21
    '-'        偏移，并进入状态 22
    '!'        偏移，并进入状态 23

    LVal        转到状态 25
    PrimaryExp  转到状态 26
    Number      转到状态 27
    UnaryExp    转到状态 28
    UnaryOp     转到状态 29
    MulExp      转到状态 30
    AddExp      转到状态 66


状态 50

   36 RelExp: RelExp '<' • AddExp

    IDENT      偏移，并进入状态 18
    INT_CONST  偏移，并进入状态 19
    '('        偏移，并进入状态 20
    '+'        偏移，并进入状态 21
    '-'        偏移，并进入状态 22
    '!'        偏移，并进入状态 23

    LVal        转到状态 25
    PrimaryExp  转到状态 26
    Number      转到状态 27
    UnaryExp    转到状态 28
    UnaryOp     转到状态 29
    MulExp      转到状态 30
    AddExp      转到状态 67


状态 51

   37 RelExp: RelExp '>' • AddExp

    IDENT      偏移，并进入状态 18
    INT_CONST  偏移，并进入状态 19
    '('        偏移，并进入状态 20
    '+'        偏移，并进入状态 21
    '-'        偏移，并进入状态 22
    '!'        偏移，并进入状态 23

    LVal        转到状态 25
    PrimaryExp  转到状态 26
    Number      转到状态 27
    UnaryExp    转到状态 28
    UnaryOp     转到状态 29
    MulExp      转到状态 30
    AddExp      转到状态 68


状态 52

   41 EqExp: EqExp EQ • RelExp

    IDENT      偏移，并进入状态 18
    INT_CONST  偏移，并进入状态 19
    '('        偏移，并进入状态 20
    '+'        偏移，并进入状态 21
    '-'        偏移，并进入状态 22
    '!'        偏移，并进入状态 23

    LVal        转到状态 25
    PrimaryExp  转到状态 26
    Number      转到状态 27
    UnaryExp    转到状态 28
    UnaryOp     转到状态 29
    MulExp      转到状态 30
    AddExp      转到状态 31
    RelExp      转到状态 69


状态 53

   42 EqExp: EqExp NE • RelExp

    IDENT      偏移，并进入状态 18
    INT_CONST  偏移，并进入状态 19
    '('        偏移，并进入状态 20
    '+'        偏移，并进入状态 21
    '-'        偏移，并进入状态 22
    '!'        偏移，并进入状态 23

    LVal        转到状态 25
    PrimaryExp  转到状态 26
    Number      转到状态 27
    UnaryExp    转到状态 28
    UnaryOp     转到状态 29
    MulExp      转到状态 30
    AddExp      转到状态 31
    RelExp      转到状态 70


状态 54

   44 LAndExp: LAndExp AND • EqExp

    IDENT      偏移，并进入状态 18
    INT_CONST  偏移，并进入状态 19
    '('        偏移，并进入状态 20
    '+'        偏移，并进入状态 21
    '-'        偏移，并进入状态 22
    '!'        偏移，并进入状态 23

    LVal        转到状态 25
    PrimaryExp  转到状态 26
    Number      转到状态 27
    UnaryExp    转到状态 28
    UnaryOp     转到状态 29
    MulExp      转到状态 30
    AddExp      转到状态 31
    RelExp      转到状态 32
    EqExp       转到状态 71


状态 55

   46 LOrExp: LOrExp OR • LAndExp

    IDENT      偏移，并进入状态 18
    INT_CONST  偏移，并进入状态 19
    '('        偏移，并进入状态 20
    '+'        偏移，并进入状态 21
    '-'        偏移，并进入状态 22
    '!'        偏移，并进入状态 23

    LVal        转到状态 25
    PrimaryExp  转到状态 26
    Number      转到状态 27
    UnaryExp    转到状态 28
    UnaryOp     转到状态 29
    MulExp      转到状态 30
    AddExp      转到状态 31
    RelExp      转到状态 32
    EqExp       转到状态 33
    LAndExp     转到状态 72


状态 56

    7 ConstDef: IDENT • '=' ConstInitVal

    '='  偏移，并进入状态 73


状态 57

    3 ConstDecl: CONST BType ConstDefList • ';'

    ';'  偏移，并进入状态 74


状态 58

    4 ConstDefList: ConstDef •
    5             | ConstDef • ',' ConstDefList

    ','  偏移，并进入状态 75

    $default  使用规则 4 以归约 (ConstDefList)


状态 59

   19 PrimaryExp: '(' Exp ')' •

    $default  使用规则 19 以归约 (PrimaryExp)


状态 60

   29 MulExp: MulExp '*' UnaryExp •

    $default  使用规则 29 以归约 (MulExp)


状态 61

   30 MulExp: MulExp '/' UnaryExp •

    $default  使用规则 30 以归约 (MulExp)


状态 62

   31 MulExp: MulExp '%' UnaryExp •

    $default  使用规则 31 以归约 (MulExp)


状态 63

   29 MulExp: MulExp • '*' UnaryExp
   30       | MulExp • '/' UnaryExp
   31       | MulExp • '%' UnaryExp
   33 AddExp: AddExp '+' MulExp •

    '*'  偏移，并进入状态 43
    '/'  偏移，并进入状态 44
    '%'  偏移，并进入状态 45

    $default  使用规则 33 以归约 (AddExp)


状态 64

   29 MulExp: MulExp • '*' UnaryExp
   30       | MulExp • '/' UnaryExp
   31       | MulExp • '%' UnaryExp
   34 AddExp: AddExp '-' MulExp •

    '*'  偏移，并进入状态 43
    '/'  偏移，并进入状态 44
    '%'  偏移，并进入状态 45

    $default  使用规则 34 以归约 (AddExp)


状态 65

   33 AddExp: AddExp • '+' MulExp
   34       | AddExp • '-' MulExp
   38 RelExp: RelExp LE AddExp •

    '+'  偏移，并进入状态 46
    '-'  偏移，并进入状态 47

    $default  使用规则 38 以归约 (RelExp)


状态 66

   33 AddExp: AddExp • '+' MulExp
   34       | AddExp • '-' MulExp
   39 RelExp: RelExp GE AddExp •

    '+'  偏移，并进入状态 46
    '-'  偏移，并进入状态 47

    $default  使用规则 39 以归约 (RelExp)


状态 67

   33 AddExp: AddExp • '+' MulExp
   34       | AddExp • '-' MulExp
   36 RelExp: RelExp '<' AddExp •

    '+'  偏移，并进入状态 46
    '-'  偏移，并进入状态 47

    $default  使用规则 36 以归约 (RelExp)


状态 68

   33 AddExp: AddExp • '+' MulExp
   34       | AddExp • '-' MulExp
   37 RelExp: RelExp '>' AddExp •

    '+'  偏移，并进入状态 46
    '-'  偏移，并进入状态 47

    $default  使用规则 37 以归约 (RelExp)


状态 69

   36 RelExp: RelExp • '<' AddExp
   37       | RelExp • '>' AddExp
   38       | RelExp • LE AddExp
   39       | RelExp • GE AddExp
   41 EqExp: EqExp EQ RelExp •

    LE   偏移，并进入状态 48
    GE   偏移，并进入状态 49
    '<'  偏移，并进入状态 50
    '>'  偏移，并进入状态 51

    $default  使用规则 41 以归约 (EqExp)


状态 70

   36 RelExp: RelExp • '<' AddExp
   37       | RelExp • '>' AddExp
   38       | RelExp • LE AddExp
   39       | RelExp • GE AddExp
   42 EqExp: EqExp NE RelExp •

    LE   偏移，并进入状态 48
    GE   偏移，并进入状态 49
    '<'  偏移，并进入状态 50
    '>'  偏移，并进入状态 51

    $default  使用规则 42 以归约 (EqExp)


状态 71

   41 EqExp: EqExp • EQ RelExp
   42      | EqExp • NE RelExp
   44 LAndExp: LAndExp AND EqExp •

    EQ  偏移，并进入状态 52
    NE  偏移，并进入状态 53

    $default  使用规则 44 以归约 (LAndExp)


状态 72

   44 LAndExp: LAndExp • AND EqExp
   46 LOrExp: LOrExp OR LAndExp •

    AND  偏移，并进入状态 54

    $default  使用规则 46 以归约 (LOrExp)


状态 73

    7 ConstDef: IDENT '=' • ConstInitVal

    IDENT      偏移，并进入状态 18
    INT_CONST  偏移，并进入状态 19
    '('        偏移，并进入状态 20
    '+'        偏移，并进入状态 21
    '-'        偏移，并进入状态 22
    '!'        偏移，并进入状态 23

    ConstInitVal  转到状态 76
    Exp           转到状态 77
    LVal          转到状态 25
    PrimaryExp    转到状态 26
    Number        转到状态 27
    UnaryExp      转到状态 28
    UnaryOp       转到状态 29
    MulExp        转到状态 30
    AddExp        转到状态 31
    RelExp        转到状态 32
    EqExp         转到状态 33
    LAndExp       转到状态 34
    LOrExp        转到状态 35
    ConstExp      转到状态 78


状态 74

    3 ConstDecl: CONST BType ConstDefList ';' •

    $default  使用规则 3 以归约 (ConstDecl)


状态 75

    5 ConstDefList: ConstDef ',' • ConstDefList

    IDENT  偏移，并进入状态 56

    ConstDefList  转到状态 79
    ConstDef      转到状态 58


状态 76

    7 ConstDef: IDENT '=' ConstInitVal •

    $default  使用规则 7 以归约 (ConstDef)


状态 77

   47 ConstExp: Exp •

    $default  使用规则 47 以归约 (ConstExp)


状态 78

    8 ConstInitVal: ConstExp •

    $default  使用规则 8 以归约 (ConstInitVal)


状态 79

    5 ConstDefList: ConstDef ',' ConstDefList •

    $default  使用规则 5 以归约 (ConstDefList)
